c:\users\administrator\source\repos\bdsnetrunner\x64\release\bdsnetrunner.lib
c:\users\administrator\source\repos\bdsnetrunner\x64\release\bdsnetrunner.exp
c:\users\administrator\source\repos\bdsnetrunner\x64\release\bdsnetrunner.ipdb
c:\users\administrator\source\repos\bdsnetrunner\x64\release\bdsnetrunner.iobj
c:\users\administrator\source\repos\bdsnetrunner\bdsnetrunner\x64\release\bdsnetrunner.pch
c:\users\administrator\source\repos\bdsnetrunner\bdsnetrunner\x64\release\vc142.pdb
c:\users\administrator\source\repos\bdsnetrunner\bdsnetrunner\x64\release\pch.obj
c:\users\administrator\source\repos\bdsnetrunner\bdsnetrunner\x64\release\tick.obj
c:\users\administrator\source\repos\bdsnetrunner\bdsnetrunner\x64\release\scoreboard.obj
c:\users\administrator\source\repos\bdsnetrunner\bdsnetrunner\x64\release\mod.obj
c:\users\administrator\source\repos\bdsnetrunner\bdsnetrunner\x64\release\simpleform.obj
c:\users\administrator\source\repos\bdsnetrunner\bdsnetrunner\x64\release\dllmain.obj
c:\users\administrator\source\repos\bdsnetrunner\x64\release\bdsnetrunner.pdb
c:\users\administrator\source\repos\bdsnetrunner\x64\release\bdsnetrunner.dll
c:\users\administrator\source\repos\bdsnetrunner\bdsnetrunner\x64\release\bdsnetrunner.tlog\bdsnetrunner.write.1u.tlog
c:\users\administrator\source\repos\bdsnetrunner\bdsnetrunner\x64\release\bdsnetrunner.tlog\cl.command.1.tlog
c:\users\administrator\source\repos\bdsnetrunner\bdsnetrunner\x64\release\bdsnetrunner.tlog\cl.read.1.tlog
c:\users\administrator\source\repos\bdsnetrunner\bdsnetrunner\x64\release\bdsnetrunner.tlog\cl.write.1.tlog
c:\users\administrator\source\repos\bdsnetrunner\bdsnetrunner\x64\release\bdsnetrunner.tlog\link.command.1.tlog
c:\users\administrator\source\repos\bdsnetrunner\bdsnetrunner\x64\release\bdsnetrunner.tlog\link.delete.1.tlog
c:\users\administrator\source\repos\bdsnetrunner\bdsnetrunner\x64\release\bdsnetrunner.tlog\link.read.1.tlog
c:\users\administrator\source\repos\bdsnetrunner\bdsnetrunner\x64\release\bdsnetrunner.tlog\link.write.1.tlog
